<?xml version="1.0" encoding="UTF-8"?>
<testsuite name="com.demo.MainDemoTest" tests="1" skipped="0" failures="0" errors="0" timestamp="2021-08-14T05:19:59" hostname="RoyalMac.local" time="0.019">
  <properties/>
  <testcase name="sysHelloTest()" classname="com.demo.MainDemoTest" time="0.019"/>
  <system-out><![CDATA[]]></system-out>
  <system-err><![CDATA[]]></system-err>
</testsuite>
